{ Using PSTWRITER 17.2.0 d001Apr-08-2021 at 14:58:00 }

#1 WARNING(ORCAP-36006): Part Name "SPACER_SPACER_139T_IC_.635" LONG" is renamed to "SPACER_SPACER_139T_IC_.635" LON".
#2 WARNING(ORCAP-36006): Part Name "MOUNT_HOLE_MH194-116T_IC_SMTSO-M1.6-2.25ET" is renamed to "MOUNT_HOLE_MH194-116T_IC_SMTSO-".
#3 WARNING(ORCAP-36006): Part Name "MOUNT_HOLE_MH244-166T_IC_SMTSO-M25" is renamed to "MOUNT_HOLE_MH244-166T_IC_SMTSO-".
#4 WARNING(ORCAP-36006): Part Name "CAP_NP_0402_CC_DISCRETE_0.01UF_10%" is renamed to "CAP_NP_0402_CC_DISCRETE_0.01UF_".
#5 WARNING(ORCAP-36006): Part Name "CAP_POL_CC3528-21_DISCRETE_220UF" is renamed to "CAP_POL_CC3528-21_DISCRETE_220U".
#6 WARNING(ORCAP-36006): Part Name "CAP_NP_CC0402_25_DISCRETE_0.022UF" is renamed to "CAP_NP_CC0402_25_DISCRETE_0.022".
#7 WARNING(ORCAP-36006): Part Name "CAP_NP_0402_CC_DISCRETE_0.1UF_10%" is renamed to "CAP_NP_0402_CC_DISCRETE_0.1UF_1".
#8 WARNING(ORCAP-36006): Part Name "CAP_NP_0603_CC_DISCRETE_4.7UF_10%" is renamed to "CAP_NP_0603_CC_DISCRETE_4.7UF_1".
#9 WARNING(ORCAP-36006): Part Name "CAP_NP_0402_CC_DISCRETE_0.47UF_10%" is renamed to "CAP_NP_0402_CC_DISCRETE_0.47UF_".
#10 WARNING(ORCAP-36006): Part Name "CAP_NP_CC0402_25_DISCRETE_4700PF" is renamed to "CAP_NP_CC0402_25_DISCRETE_4700P".
#11 WARNING(ORCAP-36006): Part Name "CAP_NP_CC0603_OV_DISCRETE_0.47UF" is renamed to "CAP_NP_CC0603_OV_DISCRETE_0.47U".
#12 WARNING(ORCAP-36006): Part Name "LED_DUAL_SEP_RG_LED_DUAL_3025MM_SM_IC_LED_RED-GRN" is renamed to "LED_DUAL_SEP_RG_LED_DUAL_3025MM".
#13 WARNING(ORCAP-36006): Part Name "DIODE_TVS_SOD-923_IC_ESD9L5.0ST5G" is renamed to "DIODE_TVS_SOD-923_IC_ESD9L5.0ST".
#14 WARNING(ORCAP-36006): Part Name "DZ_DUAL_CK_C1C2A_SOT-723_IC_ESD7C" is renamed to "DZ_DUAL_CK_C1C2A_SOT-723_IC_ESD".
#15 WARNING(ORCAP-36006): Part Name "LED4_DUAL_OG_LED_0606_IC_LED ORANGE/GREEN" is renamed to "LED4_DUAL_OG_LED_0606_IC_LED OR".
#16 WARNING(ORCAP-36006): Part Name "DIODE_SCHTKY_SOD-128_IC_PMEG6030ELP" is renamed to "DIODE_SCHTKY_SOD-128_IC_PMEG603".
#17 WARNING(ORCAP-36006): Part Name "DIODE_TVS_SOD123W_IC_PTVS24VS1UR" is renamed to "DIODE_TVS_SOD123W_IC_PTVS24VS1U".
#18 WARNING(ORCAP-36006): Part Name "ANTENNA_ACM3_ANTENNA_ACM3_5036_A1_IC_ACM3-5036-A1-CC-S" is renamed to "ANTENNA_ACM3_ANTENNA_ACM3_5036_".
#19 WARNING(ORCAP-36006): Part Name "FUSE_RESETTABLE_FUSE_1P8_2P2X1P5_IC_PICOSMDC035S" is renamed to "FUSE_RESETTABLE_FUSE_1P8_2P2X1P".
#20 WARNING(ORCAP-36006): Part Name "ATOM010130010052_HDMI_19P_CON_RA_HDMI_19P_0P5_SM_IO_CON HDMI 1X19" is renamed to "ATOM010130010052_HDMI_19P_CON_R".
#21 WARNING(ORCAP-36006): Part Name "CONN_AUDIOJACK_6P_CON6_AUDJACK_RA_TH_IO_PJ31360-I" is renamed to "CONN_AUDIOJACK_6P_CON6_AUDJACK_".
#22 WARNING(ORCAP-36006): Part Name "RJ45_HR851178C_CON_RJ45_10F_100_TH_RA_IO_HR851178C" is renamed to "RJ45_HR851178C_CON_RJ45_10F_100".
#23 WARNING(ORCAP-36006): Part Name "UFL_CON_3_UFL_R_SMT_IO_MXC3N2001" is renamed to "UFL_CON_3_UFL_R_SMT_IO_MXC3N200".
#24 WARNING(ORCAP-36006): Part Name "CON_67_FEMALE_RA_A_CON_75_0P5_22X9_RA_IO_CON_MINI CARD_RA" is renamed to "CON_67_FEMALE_RA_A_CON_75_0P5_2".
#25 WARNING(ORCAP-36006): Part Name "CONN_IPASS_36P_CON_36_0P8_TH_IO_IPASS MINISAS" is renamed to "CONN_IPASS_36P_CON_36_0P8_TH_IO".
#26 WARNING(ORCAP-36006): Part Name "CONN_MICRO_SDCARD_9P_CON9_SDCARD_1P1MM_IO_CONN_SD_CARD 9" is renamed to "CONN_MICRO_SDCARD_9P_CON9_SDCAR".
#27 WARNING(ORCAP-36006): Part Name "MICRO_USB_CONN_11PIN_CON_USB_TYPE_B_SM_IO_MICRO_USB_TYPEB" is renamed to "MICRO_USB_CONN_11PIN_CON_USB_TY".
#28 WARNING(ORCAP-36006): Part Name "CON_1X60_CON_FPC_60F_0P5_SM_RA_IO_XF2M-6015-1AH" is renamed to "CON_1X60_CON_FPC_60F_0P5_SM_RA_".
#29 WARNING(ORCAP-36006): Part Name "CONN_HDR_5X2_CON_2RH_10_50_IO_HDR 2X5" is renamed to "CONN_HDR_5X2_CON_2RH_10_50_IO_H".
#30 WARNING(ORCAP-36006): Part Name "CAH11-08163-S107_8P_CON8_FLASH_1P1MM_SM_IO_CAH11-08163-S107" is renamed to "CAH11-08163-S107_8P_CON8_FLASH_".
#31 WARNING(ORCAP-36006): Part Name "CONN_HDR_5X2_CON2X5_SKT_100_SM_IO_CON 2X5" is renamed to "CONN_HDR_5X2_CON2X5_SKT_100_SM_".
#32 WARNING(ORCAP-36006): Part Name "USB24_TYPEC_SH4_CON24_USB_TYPEC_RA_SMT_TH_IO_23K20101#LCP-582RF" is renamed to "USB24_TYPEC_SH4_CON24_USB_TYPEC".
#33 WARNING(ORCAP-36006): Part Name "CONN_POWERJACK_3P_CON3_DC_PWR_JACK_TH_IO_PJ1-021" is renamed to "CONN_POWERJACK_3P_CON3_DC_PWR_J".
#34 WARNING(ORCAP-36006): Part Name "USB_3P0_TYPEA_CON9_USBA_VER_7P32X25P7_IO_USB_TYPE_A" is renamed to "USB_3P0_TYPEA_CON9_USBA_VER_7P3".
#35 WARNING(ORCAP-36006): Part Name "INDUCTOR_3_0201_CC_DISCRETE_240 OHM_25%" is renamed to "INDUCTOR_3_0201_CC_DISCRETE_240".
#36 WARNING(ORCAP-36006): Part Name "INDUCTOR_IND_VLS3012_SM_DISCRETE_4.7UH" is renamed to "INDUCTOR_IND_VLS3012_SM_DISCRET".
#37 WARNING(ORCAP-36006): Part Name "INDUCTOR_IND_SPH2520_DISCRETE_2.2UH" is renamed to "INDUCTOR_IND_SPH2520_DISCRETE_2".
#38 WARNING(ORCAP-36006): Part Name "DLW43_IND4_CHOKE_0805_DISCRETE_90OHM" is renamed to "DLW43_IND4_CHOKE_0805_DISCRETE_".
#39 WARNING(ORCAP-36006): Part Name "INDUCTOR_1_IND_IHLP_DISCRETE_1.5UH" is renamed to "INDUCTOR_1_IND_IHLP_DISCRETE_1.".
#40 WARNING(ORCAP-36006): Part Name "INDUCTOR_IND_SPH2520_DISCRETE_1UH" is renamed to "INDUCTOR_IND_SPH2520_DISCRETE_1".
#41 WARNING(ORCAP-36006): Part Name "INDUCTOR_IND_SPH2520_DISCRETE_0.47UH_20%" is renamed to "INDUCTOR_IND_SPH2520_DISCRETE_0".
#42 WARNING(ORCAP-36006): Part Name "INDUCTOR_IND2_4P3X4P3_DISCRETE_4.7UH_20%" is renamed to "INDUCTOR_IND2_4P3X4P3_DISCRETE_".
#43 WARNING(ORCAP-36006): Part Name "TRAN_DUAL_NMOS_BSS138_SOT-363_0P65_SMT_IC_NX3020NAKS" is renamed to "TRAN_DUAL_NMOS_BSS138_SOT-363_0".
#44 WARNING(ORCAP-36006): Part Name "NMOSFET_3P_ESD_DIODE_1_SOT323_3_IC_RYU002N05" is renamed to "NMOSFET_3P_ESD_DIODE_1_SOT323_3".
#45 WARNING(ORCAP-36006): Part Name "MOSFET_P_5P_SO8_DFN3P3X3P3_8L_EX_IC_AON7405" is renamed to "MOSFET_P_5P_SO8_DFN3P3X3P3_8L_E".
#46 WARNING(ORCAP-36006): Part Name "RES_SHORT-2_3_SH0805_DISCRETE_SOLDER SHORT" is renamed to "RES_SHORT-2_3_SH0805_DISCRETE_S".
#47 WARNING(ORCAP-36006): Part Name "NTC501-BG1G-B160T_SW2_3P4_TACT_SM_NSP_IC_TACT SWTICH" is renamed to "NTC501-BG1G-B160T_SW2_3P4_TACT_".
#48 WARNING(ORCAP-36006): Part Name "SW3_RA_SLIDE_SW_SPDT_RA_IC_SW SPDT" is renamed to "SW3_RA_SLIDE_SW_SPDT_RA_IC_SW S".
#49 WARNING(ORCAP-36006): Part Name "SW_DIP-4_SM_97C04_IC_DHN-04F-T-V-T/R" is renamed to "SW_DIP-4_SM_97C04_IC_DHN-04F-T-".
#50 WARNING(ORCAP-36006): Part Name "SW_DIP-2_SMT_SW_DIP2_SM_IC_DHN-02F-T-V" is renamed to "SW_DIP-2_SMT_SW_DIP2_SM_IC_DHN-".
#51 WARNING(ORCAP-36006): Part Name "TEST PAD_TESTPOINT_39MIL_IC_1 MM" is renamed to "TEST PAD_TESTPOINT_39MIL_IC_1 M".
#52 WARNING(ORCAP-36006): Part Name "TESTLOOP_TEST_PIN_TP107_IO_TESTLOOP" is renamed to "TESTLOOP_TEST_PIN_TP107_IO_TEST".
#53 WARNING(ORCAP-36006): Part Name "T POINT R_TESTPOINT_35MIL_IC_TP_35MIL" is renamed to "T POINT R_TESTPOINT_35MIL_IC_TP".
#54 WARNING(ORCAP-36006): Part Name "DIODE_TVS_BIDIR_DIODE2_SOD523_IC_ESD5B5.0ST1G" is renamed to "DIODE_TVS_BIDIR_DIODE2_SOD523_I".
#55 WARNING(ORCAP-36006): Part Name "PCMF3USB3S_15P_WLCSP15_0P4_2P42X1P22_SMDP_IC_PCMF3HDMI2S" is renamed to "PCMF3USB3S_15P_WLCSP15_0P4_2P42".
#56 WARNING(ORCAP-36006): Part Name "PCMF2USB3S_10P_WLCSP10_0P4_1P2X1P6MM_SMDP_IC_PCMF2HDMI2S" is renamed to "PCMF2USB3S_10P_WLCSP10_0P4_1P2X".
#57 WARNING(ORCAP-36006): Part Name "MIMX8MQ7DVAJZXA_BGA621_BGA621_HEATSINK_IC_(S1+S2+S3+S4+S5+S6+S7+S8+S9+S10+S11+S12+S13)_MIMX8MQ6DVAJZAB + MBF25004-15W/2.0P+T725 A1" is renamed to "MIMX8MQ7DVAJZXA_BGA621_BGA621_H".
#58 WARNING(ORCAP-36006): Part Name "WM8524GEDT_TSSOP16_IC_WM8524CGEDT" is renamed to "WM8524GEDT_TSSOP16_IC_WM8524CGE".
#59 WARNING(ORCAP-36006): Part Name "AR8031_48P_EP_QFN48_0P4_6X6MM_EPAD_IC_AR8031" is renamed to "AR8031_48P_EP_QFN48_0P4_6X6MM_E".
#60 WARNING(ORCAP-36006): Part Name "LBEH5UL1CX-TEMP_SMD96P_MODULE96_11P7X9_IC_LBEH5UL1CX-TEMP-D" is renamed to "LBEH5UL1CX-TEMP_SMD96P_MODULE96".
#61 WARNING(ORCAP-36006): Part Name "9FGV0241AKLF_24P_QFN24_0P5_4X4_EP2P2_IC_9FGV0241AKLF" is renamed to "9FGV0241AKLF_24P_QFN24_0P5_4X4_".
#62 WARNING(ORCAP-36006): Part Name "NTB0104GU12_12P_XQFN12_0P4_1P8X2P1_IC_NTB0104GU12" is renamed to "NTB0104GU12_12P_XQFN12_0P4_1P8X".
#63 WARNING(ORCAP-36006): Part Name "NTS0104PW_14P_TSSOP14_IC_NTS0104PW" is renamed to "NTS0104PW_14P_TSSOP14_IC_NTS010".
#64 WARNING(ORCAP-36006): Part Name "MIC5233_ADJ_SOT23_5P_SOT-23-5_IC_LDCL015MR" is renamed to "MIC5233_ADJ_SOT23_5P_SOT-23-5_I".
#65 WARNING(ORCAP-36006): Part Name "IRM-V538_RCVR_SM_IRM_V5_IC_IRM-V538M3/TR1" is renamed to "IRM-V538_RCVR_SM_IRM_V5_IC_IRM-".
#66 WARNING(ORCAP-36006): Part Name "CP2105_QFN24P_QFN24_0P5_4X4_EP_IC_CP2105" is renamed to "CP2105_QFN24P_QFN24_0P5_4X4_EP_".
#67 WARNING(ORCAP-36006): Part Name "MT53B768M32D4NQ_200P_BGA200_0P65X0P8_10P1X14P6_IC_(S1+S2)_MT53B768M32D4NQ-062 WT:B" is renamed to "MT53B768M32D4NQ_200P_BGA200_0P6".
#68 WARNING(ORCAP-36006): Part Name "SGM803_SOT23-3P_SOT-23_IC_UM803RS" is renamed to "SGM803_SOT23-3P_SOT-23_IC_UM803".
#69 WARNING(ORCAP-36006): Part Name "SDINBDG4-16G_VFBGA_153P_FBGA153_0P5_11P5X13_IC_SDINBDG4-16G-I" is renamed to "SDINBDG4-16G_VFBGA_153P_FBGA153".
#70 WARNING(ORCAP-36006): Part Name "MT25QL256ABA1EW9_9P_WPDFN8_1P27_8X6MM_IC_MT25QL256ABA1EW9" is renamed to "MT25QL256ABA1EW9_9P_WPDFN8_1P27".
#71 WARNING(ORCAP-36006): Part Name "MP8756_QFN_0_QFN12_0P5_3P1X2P1_IC_MP8759GD" is renamed to "MP8756_QFN_0_QFN12_0P5_3P1X2P1_".
#72 WARNING(ORCAP-36006): Part Name "MC34PF4210_56P_QFN56_0P5_8X8_EP4P1X4P4_IC_MC34PF4210A1ES" is renamed to "MC34PF4210_56P_QFN56_0P5_8X8_EP".
#73 WARNING(ORCAP-36006): Part Name "MP2147GD_1_QFN12_0P5_2X3MM_EP_IC_MP2147GD" is renamed to "MP2147GD_1_QFN12_0P5_2X3MM_EP_I".
#74 WARNING(ORCAP-36006): Part Name "MP2263GD_DFN15_0_DFN15_0P4_2X3_IC_MP2263GD" is renamed to "MP2263GD_DFN15_0_DFN15_0P4_2X3_".
#75 WARNING(ORCAP-36006): Part Name "PTN36043BX_18P_DHXQFN18_0P4_2X2P45_IC_PTN36043ABX" is renamed to "PTN36043BX_18P_DHXQFN18_0P4_2X2".
#76 WARNING(ORCAP-36006): Part Name "PCMF3USB3S_A_WLCSP15_0P4_2P42X1P22_SMDP_IC_PCMF3USB3S" is renamed to "PCMF3USB3S_A_WLCSP15_0P4_2P42X1".
#77 WARNING(ORCAP-36006): Part Name "PCMF2USB3S_10P_WLCSP10_0P4_1P2X1P6MM_SMDP_IC_PCMF2USB3S" is renamed to "PCMF2USB3S_10P_WLCSP10_0P4_1P_1".
#78 WARNING(ORCAP-36006): Part Name "NX5P3090UK_WLCSP12_WLCSP12_0P4_1P38X1P68MM_SMDP_IC_NX5P3090UK" is renamed to "NX5P3090UK_WLCSP12_WLCSP12_0P4_".
#79 WARNING(ORCAP-36006): Part Name "NX5P3290_WLCSP16_BGA16_0P5_2P15X2P15_IC_NX5P3290" is renamed to "NX5P3290_WLCSP16_BGA16_0P5_2P15".
#80 WARNING(ORCAP-36006): Part Name "PTN5110_QFN16_HX2QFN16_0P4_2P7X2P7_IC_PTN5110NHQZ" is renamed to "PTN5110_QFN16_HX2QFN16_0P4_2P7X".
#81 WARNING(ORCAP-36006): Part Name "SGM8709YN5G_SOT-23-5_IC_SGM8709YN5G" is renamed to "SGM8709YN5G_SOT-23-5_IC_SGM8709".
#82 WARNING(ORCAP-36006): Part Name "SGM8710_6P_SOT23-6_IC_SGM8710YN6G/TR" is renamed to "SGM8710_6P_SOT23-6_IC_SGM8710YN".
#83 WARNING(ORCAP-36006): Part Name "XTAL_13Y_XTAL4_2P6X2P1MM_SM_IC_25MHZ" is renamed to "XTAL_13Y_XTAL4_2P6X2P1MM_SM_IC_".
#84 WARNING(ORCAP-36006): Part Name "XTAL_13Y_XTAL4_2P6X2P1MM_SM_IC_27MHZ" is renamed to "XTAL_13Y_XTAL4_2P6X2P1MM_SM_I_1".
#85 WARNING(ORCAP-36006): Part Name "XTAL_OSC_ASH7K_4P_XTAL_3P4X1P7_SM_IC_32.768KHZ" is renamed to "XTAL_OSC_ASH7K_4P_XTAL_3P4X1P7_".
#86 WARNING(ORCAP-36006): Part Name "NX5427001Z_6P_OSC6_1P27_5P2X3P4_IC_27MHZ" is renamed to "NX5427001Z_6P_OSC6_1P27_5P2X3P4".
INFO(ORCAP-36080): Scanning netlist files ...

Loading... C:\USERS\NXF06949\ONEDRIVE - NXP\DESIGN DATA\MSCALE850\SCHEMATIC\SCH-38820\allegro/pstchip.dat

Loading... C:\USERS\NXF06949\ONEDRIVE - NXP\DESIGN DATA\MSCALE850\SCHEMATIC\SCH-38820\allegro/pstchip.dat

Loading... C:\USERS\NXF06949\ONEDRIVE - NXP\DESIGN DATA\MSCALE850\SCHEMATIC\SCH-38820\allegro/pstchip.dat

Loading... C:\USERS\NXF06949\ONEDRIVE - NXP\DESIGN DATA\MSCALE850\SCHEMATIC\SCH-38820\allegro/pstxnet.dat
packaging the design view...